<?xml version="1.0" encoding="UTF-8"?>
<testsuite xmlns:xsi="http://www.w3.org/2001/XMLSchema-instance" xsi:noNamespaceSchemaLocation="https://maven.apache.org/surefire/maven-surefire-plugin/xsd/surefire-test-report.xsd" version="3.0.2" name="com.bootcamp.demo.demo_helloworld.DemoHelloworldApplicationTests" time="0.949" tests="1" errors="0" skipped="0" failures="0">
  <properties>
[...]
</properties>
  <testcase name="contextLoads" classname="com.bootcamp.demo.demo_helloworld.DemoHelloworldApplicationTests" time="0.336">
    <system-out><![CDATA[03:10:36.245 [main] INFO org.springframework.test.context.support.AnnotationConfigContextLoaderUtils -- Could not detect default configuration classes for test class [com.bootcamp.demo.demo_helloworld.DemoHelloworldApplicationTests]: DemoHelloworldApplicationTests does not declare any static, non-private, non-final, nested classes annotated with @Configuration.
03:10:36.287 [main] INFO org.springframework.boot.test.context.SpringBootTestContextBootstrapper -- Found @SpringBootConfiguration com.bootcamp.demo.demo_helloworld.DemoHelloworldApplication for test class com.bootcamp.demo.demo_helloworld.DemoHelloworldApplicationTests
03:10:36.340 [main] INFO org.springframework.boot.devtools.restart.RestartApplicationListener -- Restart disabled due to context in which it is running

  .   ____          _            __ _ _
 /\\ / ___'_ __ _ _(_)_ __  __ _ \ \ \ \
( ( )\___ | '_ | '_| | '_ \/ _` | \ \ \ \
 \\/  ___)| |_)| | | | | || (_| |  ) ) ) )
  '  |____| .__|_| |_|_| |_\__, | / / / /
 =========|_|==============|___/=/_/_/_/

 :: Spring Boot ::                (v3.5.3)

2025-06-30T03:10:36.445+08:00  INFO 70697 --- [demo-helloworld] [           main] c.b.d.d.DemoHelloworldApplicationTests   : Starting DemoHelloworldApplicationTests using Java 21.0.6 with PID 70697 (started by matthewyip in /Users/matthewyip/bc2504p-sb/demo-helloworld)
2025-06-30T03:10:36.445+08:00  INFO 70697 --- [demo-helloworld] [           main] c.b.d.d.DemoHelloworldApplicationTests   : No active profile set, falling back to 1 default profile: "default"
2025-06-30T03:10:36.797+08:00  INFO 70697 --- [demo-helloworld] [           main] c.b.d.d.DemoHelloworldApplicationTests   : Started DemoHelloworldApplicationTests in 0.46 seconds (process running for 0.792)
]]></system-out>
    <system-err><![CDATA[Mockito is currently self-attaching to enable the inline-mock-maker. This will no longer work in future releases of the JDK. Please add Mockito as an agent to your build as described in Mockito's documentation: https://javadoc.io/doc/org.mockito/mockito-core/latest/org.mockito/org/mockito/Mockito.html#0.3
WARNING: A Java agent has been loaded dynamically (/Users/matthewyip/.m2/repository/net/bytebuddy/byte-buddy-agent/1.17.6/byte-buddy-agent-1.17.6.jar)
WARNING: If a serviceability tool is in use, please run with -XX:+EnableDynamicAgentLoading to hide this warning
WARNING: If a serviceability tool is not in use, please run with -Djdk.instrument.traceUsage for more information
WARNING: Dynamic loading of agents will be disallowed by default in a future release
]]></system-err>
  </testcase>
</testsuite>